<?xml version="1.0" encoding="UTF-8"?>
<!-- Generated by org.testng.reporters.JUnitReportReporter -->
<testsuite hostname="Ameen-PC" name="Testcases.VerifyLogInPage" tests="1" failures="0" timestamp="7 May 2017 12:57:18 GMT" time="71.381" errors="0">
  <testcase name="testHomepage" time="71.381" classname="Testcases.VerifyLogInPage"/>
</testsuite> <!-- Testcases.VerifyLogInPage -->
