<?xml version="1.0" encoding="UTF-8"?>
<!-- Generated by org.testng.reporters.JUnitReportReporter -->
<testsuite hostname="Ameen-PC" name="Testcases.VerifyHomepage" tests="1" failures="0" timestamp="7 May 2017 12:17:13 GMT" time="38.351" errors="0">
  <testcase name="testHomepage" time="38.351" classname="Testcases.VerifyHomepage"/>
</testsuite> <!-- Testcases.VerifyHomepage -->
